<?xml version="1.0" encoding="UTF-8"?>
<!-- Generated by org.testng.reporters.JUnitXMLReporter -->
<testsuite ignored="4" hostname="DESKTOP-5R7CBE7" failures="0" tests="2" name="Test" time="106.104" errors="0" timestamp="2025-01-28T20:43:44 IST">
  <testcase classname="Qrg.Qafox_Project.Desktop.Desktop_Mac_Test" name="addProduct_Desktop_Mac" time="45.105"/>
  <testcase classname="Qrg.Qafox_Project.Desktop.Desktop_Pc_Test" name="addProduct_Desktop_Pc" time="5.089"/>
  <testcase classname="GenericUtility.BaseConfiguration" name="@BeforeTest getTestRunnerConnection" time="0.0">
    <ignored/>
  </testcase> <!-- @BeforeTest getTestRunnerConnection -->
  <testcase classname="GenericUtility.BaseConfiguration" name="@AfterTest terminateTestRunnerConnection" time="0.0">
    <ignored/>
  </testcase> <!-- @AfterTest terminateTestRunnerConnection -->
  <testcase classname="GenericUtility.BaseConfiguration" name="@BeforeSuite getReportConnection" time="0.0">
    <ignored/>
  </testcase> <!-- @BeforeSuite getReportConnection -->
  <testcase classname="GenericUtility.BaseConfiguration" name="@AfterSuite terminateReportConnection" time="0.0">
    <ignored/>
  </testcase> <!-- @AfterSuite terminateReportConnection -->
</testsuite> <!-- Test -->
